Command line:
   UC_isim_beh.exe
     -simmode  gui
     -simrunnum  0
     -socket  53450

Tue Apr 04 08:18:14 2017


 Elaboration Time: 0.0625 sec

 Current Memory Usage: 684.737 Meg

 Total Signals          : 3
 Total Nets             : 11
 Total Signal Drivers   : 1
 Total Blocks           : 4
 Total Primitive Blocks : 4
 Total Processes        : 1
 Total Traceable Variables  : 10
 Total Scalar Nets and Variables : 389
Total Line Count : 12

 Total Simulation Time: 0.09375 sec

 Current Memory Usage: 684.737 Meg

Tue Apr 04 08:18:35 2017

